TN:
SF:C:\Users\jrodriguez.carave\WebstormProjects\front\src\polyfills.ts
FNF:0
FNH:0
LF:0
LH:0
BRF:0
BRH:0
end_of_record
TN:
SF:C:\Users\jrodriguez.carave\WebstormProjects\front\src\test.ts
FNF:0
FNH:0
DA:13,1
DA:18,1
DA:20,1
LF:3
LH:3
BRF:0
BRH:0
end_of_record
TN:
SF:C:\Users\jrodriguez.carave\WebstormProjects\front\src\app\app.component.ts
FN:8,(anonymous_0)
FNF:1
FNH:1
FNDA:2,(anonymous_0)
DA:8,1
DA:9,1
DA:10,1
LF:3
LH:3
BRF:0
BRH:0
end_of_record
TN:
SF:C:\Users\jrodriguez.carave\WebstormProjects\front\src\app\component\account\account.component.ts
FN:16,(anonymous_0)
FN:30,AccountComponent
FN:34,(anonymous_2)
FN:60,(anonymous_3)
FN:62,(anonymous_4)
FN:73,(anonymous_5)
FNF:6
FNH:5
FNDA:1,(anonymous_0)
FNDA:2,AccountComponent
FNDA:3,(anonymous_2)
FNDA:1,(anonymous_3)
FNDA:1,(anonymous_4)
FNDA:0,(anonymous_5)
DA:16,1
DA:18,2
DA:19,2
DA:22,2
DA:23,2
DA:26,1
DA:29,1
DA:30,2
DA:31,2
DA:32,2
DA:34,3
DA:35,3
DA:55,3
DA:56,3
DA:57,3
DA:59,3
DA:60,3
DA:61,1
DA:62,1
DA:63,1
DA:64,1
DA:65,1
DA:66,1
DA:67,1
DA:73,1
DA:74,0
DA:75,0
DA:76,0
DA:77,0
DA:78,0
DA:94,1
LF:31
LH:26
BRDA:65,0,0,1
BRDA:65,0,1,0
BRDA:75,1,0,0
BRDA:75,1,1,0
BRDA:75,2,0,0
BRDA:75,2,1,0
BRF:6
BRH:1
end_of_record
TN:
SF:C:\Users\jrodriguez.carave\WebstormProjects\front\src\app\component\admin\admin.component.ts
FN:8,(anonymous_0)
FN:10,AdminComponent
FN:12,(anonymous_2)
FNF:3
FNH:3
FNDA:1,(anonymous_0)
FNDA:1,AdminComponent
FNDA:1,(anonymous_2)
DA:8,1
DA:12,1
DA:15,1
LF:3
LH:3
BRF:0
BRH:0
end_of_record
TN:
SF:C:\Users\jrodriguez.carave\WebstormProjects\front\src\app\component\createproduct\createproduct.component.ts
FN:13,(anonymous_0)
FN:25,CreateproductComponent
FN:29,(anonymous_2)
FN:40,(anonymous_3)
FN:42,(anonymous_4)
FN:48,(anonymous_5)
FN:50,(anonymous_6)
FN:57,(anonymous_7)
FN:60,(anonymous_8)
FN:64,(anonymous_9)
FN:68,(anonymous_10)
FN:71,(anonymous_11)
FN:75,(anonymous_12)
FNF:13
FNH:9
FNDA:1,(anonymous_0)
FNDA:11,CreateproductComponent
FNDA:11,(anonymous_2)
FNDA:0,(anonymous_3)
FNDA:0,(anonymous_4)
FNDA:0,(anonymous_5)
FNDA:0,(anonymous_6)
FNDA:1,(anonymous_7)
FNDA:1,(anonymous_8)
FNDA:1,(anonymous_9)
FNDA:1,(anonymous_10)
FNDA:1,(anonymous_11)
FNDA:1,(anonymous_12)
DA:13,1
DA:17,1
DA:19,12
DA:21,12
DA:22,11
DA:25,11
DA:26,11
DA:27,11
DA:29,1
DA:30,11
DA:40,1
DA:41,0
DA:42,0
DA:43,0
DA:44,0
DA:48,1
DA:49,0
DA:50,0
DA:51,0
DA:52,0
DA:57,1
DA:58,1
DA:60,1
DA:61,1
DA:64,1
DA:65,1
DA:68,1
DA:69,1
DA:71,1
DA:72,1
DA:75,1
DA:76,1
DA:79,1
LF:33
LH:25
BRF:0
BRH:0
end_of_record
TN:
SF:C:\Users\jrodriguez.carave\WebstormProjects\front\src\app\component\createrestaurant\createrestaurant.component.ts
FN:14,(anonymous_0)
FN:28,CreaterestaurantComponent
FN:31,(anonymous_2)
FN:41,(anonymous_3)
FN:44,(anonymous_4)
FN:47,(anonymous_5)
FN:49,(anonymous_6)
FN:53,(anonymous_7)
FN:57,(anonymous_8)
FN:61,(anonymous_9)
FNF:10
FNH:8
FNDA:1,(anonymous_0)
FNDA:11,CreaterestaurantComponent
FNDA:11,(anonymous_2)
FNDA:1,(anonymous_3)
FNDA:1,(anonymous_4)
FNDA:0,(anonymous_5)
FNDA:0,(anonymous_6)
FNDA:1,(anonymous_7)
FNDA:1,(anonymous_8)
FNDA:1,(anonymous_9)
DA:14,1
DA:18,1
DA:20,12
DA:22,12
DA:24,12
DA:26,11
DA:28,11
DA:29,11
DA:30,11
DA:31,1
DA:32,11
DA:41,1
DA:42,1
DA:44,1
DA:45,1
DA:47,1
DA:48,0
DA:49,0
DA:50,0
DA:53,1
DA:54,1
DA:57,1
DA:58,1
DA:61,1
DA:62,1
DA:72,1
LF:26
LH:23
BRF:0
BRH:0
end_of_record
TN:
SF:C:\Users\jrodriguez.carave\WebstormProjects\front\src\app\component\createuser\createuser.component.ts
FN:11,(anonymous_0)
FN:18,CreateuserComponent
FN:21,(anonymous_2)
FN:47,(anonymous_3)
FN:50,(anonymous_4)
FN:56,(anonymous_5)
FN:60,(anonymous_6)
FN:69,(anonymous_7)
FN:73,(anonymous_8)
FN:78,(anonymous_9)
FN:82,(anonymous_10)
FN:86,(anonymous_11)
FN:89,(anonymous_12)
FNF:13
FNH:9
FNDA:1,(anonymous_0)
FNDA:12,CreateuserComponent
FNDA:14,(anonymous_2)
FNDA:1,(anonymous_3)
FNDA:1,(anonymous_4)
FNDA:1,(anonymous_5)
FNDA:1,(anonymous_6)
FNDA:0,(anonymous_7)
FNDA:0,(anonymous_8)
FNDA:1,(anonymous_9)
FNDA:1,(anonymous_10)
FNDA:0,(anonymous_11)
FNDA:0,(anonymous_12)
DA:11,1
DA:13,12
DA:14,12
DA:16,12
DA:18,12
DA:19,12
DA:20,12
DA:21,14
DA:22,14
DA:47,14
DA:48,1
DA:49,1
DA:50,1
DA:51,1
DA:52,1
DA:56,14
DA:57,1
DA:58,1
DA:59,1
DA:60,1
DA:61,1
DA:62,1
DA:69,1
DA:70,0
DA:71,0
DA:72,0
DA:73,0
DA:74,0
DA:78,1
DA:79,1
DA:82,1
DA:83,1
DA:86,1
DA:87,0
DA:88,0
DA:89,0
DA:90,0
DA:94,1
LF:38
LH:29
BRDA:51,0,0,1
BRDA:51,0,1,0
BRDA:61,1,0,1
BRDA:61,1,1,0
BRF:4
BRH:2
end_of_record
TN:
SF:C:\Users\jrodriguez.carave\WebstormProjects\front\src\app\component\delete\delete.component.ts
FN:11,(anonymous_0)
FN:20,DeleteComponent
FN:22,(anonymous_2)
FN:25,(anonymous_3)
FN:29,(anonymous_4)
FN:33,(anonymous_5)
FN:35,(anonymous_6)
FN:43,(anonymous_7)
FNF:8
FNH:8
FNDA:1,(anonymous_0)
FNDA:10,DeleteComponent
FNDA:10,(anonymous_2)
FNDA:1,(anonymous_3)
FNDA:1,(anonymous_4)
FNDA:1,(anonymous_5)
FNDA:1,(anonymous_6)
FNDA:1,(anonymous_7)
DA:11,1
DA:14,1
DA:16,11
DA:18,10
DA:20,10
DA:22,1
DA:25,1
DA:26,1
DA:29,1
DA:30,1
DA:33,1
DA:34,1
DA:35,1
DA:36,1
DA:37,1
DA:38,1
DA:43,1
DA:44,1
DA:55,1
LF:19
LH:19
BRF:0
BRH:0
end_of_record
TN:
SF:C:\Users\jrodriguez.carave\WebstormProjects\front\src\app\component\delete-p\delete-p.component.ts
FN:11,(anonymous_0)
FN:20,DeletePComponent
FN:22,(anonymous_2)
FN:25,(anonymous_3)
FN:29,(anonymous_4)
FN:32,(anonymous_5)
FN:36,(anonymous_6)
FN:38,(anonymous_7)
FNF:8
FNH:8
FNDA:1,(anonymous_0)
FNDA:9,DeletePComponent
FNDA:9,(anonymous_2)
FNDA:1,(anonymous_3)
FNDA:1,(anonymous_4)
FNDA:1,(anonymous_5)
FNDA:1,(anonymous_6)
FNDA:1,(anonymous_7)
DA:11,1
DA:14,1
DA:16,10
DA:18,9
DA:20,9
DA:22,1
DA:25,1
DA:26,1
DA:29,1
DA:30,1
DA:32,1
DA:33,1
DA:36,1
DA:37,1
DA:38,1
DA:39,1
DA:40,1
DA:45,1
LF:18
LH:18
BRF:0
BRH:0
end_of_record
TN:
SF:C:\Users\jrodriguez.carave\WebstormProjects\front\src\app\component\delete-r\delete-r.component.ts
FN:12,(anonymous_0)
FN:21,DeleteRComponent
FN:23,(anonymous_2)
FN:26,(anonymous_3)
FN:30,(anonymous_4)
FN:34,(anonymous_5)
FN:38,(anonymous_6)
FN:40,(anonymous_7)
FNF:8
FNH:8
FNDA:1,(anonymous_0)
FNDA:9,DeleteRComponent
FNDA:9,(anonymous_2)
FNDA:1,(anonymous_3)
FNDA:1,(anonymous_4)
FNDA:1,(anonymous_5)
FNDA:1,(anonymous_6)
FNDA:1,(anonymous_7)
DA:12,1
DA:15,1
DA:17,10
DA:19,9
DA:21,9
DA:23,1
DA:26,1
DA:27,1
DA:30,1
DA:31,1
DA:34,1
DA:35,1
DA:38,1
DA:39,1
DA:40,1
DA:41,1
DA:42,1
DA:43,1
DA:48,1
LF:19
LH:19
BRF:0
BRH:0
end_of_record
TN:
SF:C:\Users\jrodriguez.carave\WebstormProjects\front\src\app\component\descripcion-producto\descripcion-producto.component.ts
FN:10,(anonymous_0)
FN:19,DescripcionProductoComponent
FN:21,(anonymous_2)
FN:24,(anonymous_3)
FN:28,(anonymous_4)
FN:31,(anonymous_5)
FNF:6
FNH:6
FNDA:1,(anonymous_0)
FNDA:8,DescripcionProductoComponent
FNDA:8,(anonymous_2)
FNDA:1,(anonymous_3)
FNDA:1,(anonymous_4)
FNDA:1,(anonymous_5)
DA:10,1
DA:13,1
DA:15,9
DA:17,8
DA:21,1
DA:24,1
DA:25,1
DA:28,1
DA:29,1
DA:31,1
DA:32,1
DA:35,1
LF:12
LH:12
BRF:0
BRH:0
end_of_record
TN:
SF:C:\Users\jrodriguez.carave\WebstormProjects\front\src\app\component\descripcion-restaurant\descripcion-restaurant.component.ts
FN:10,(anonymous_0)
FN:20,DescripcionRestaurantComponent
FN:22,(anonymous_2)
FN:25,(anonymous_3)
FN:29,(anonymous_4)
FN:32,(anonymous_5)
FNF:6
FNH:6
FNDA:1,(anonymous_0)
FNDA:8,DescripcionRestaurantComponent
FNDA:8,(anonymous_2)
FNDA:1,(anonymous_3)
FNDA:1,(anonymous_4)
FNDA:1,(anonymous_5)
DA:10,1
DA:13,1
DA:15,9
DA:17,8
DA:22,1
DA:25,1
DA:26,1
DA:29,1
DA:30,1
DA:32,1
DA:33,1
DA:36,1
LF:12
LH:12
BRF:0
BRH:0
end_of_record
TN:
SF:C:\Users\jrodriguez.carave\WebstormProjects\front\src\app\component\main-nav\main-nav.component.ts
FN:32,(anonymous_0)
FN:39,MainNavComponent
FN:36,(anonymous_2)
FN:41,(anonymous_3)
FN:45,(anonymous_4)
FNF:5
FNH:4
FNDA:1,(anonymous_0)
FNDA:17,MainNavComponent
FNDA:0,(anonymous_2)
FNDA:238,(anonymous_3)
FNDA:1,(anonymous_4)
DA:32,1
DA:34,17
DA:36,0
DA:39,17
DA:41,1
DA:42,238
DA:45,1
DA:46,1
DA:47,1
DA:51,1
LF:10
LH:9
BRF:0
BRH:0
end_of_record
TN:
SF:C:\Users\jrodriguez.carave\WebstormProjects\front\src\app\component\modifyproduct\modifyproduct.component.ts
FN:14,(anonymous_0)
FN:28,ModifyproductComponent
FN:32,(anonymous_2)
FN:43,(anonymous_3)
FN:46,(anonymous_4)
FN:54,(anonymous_5)
FN:59,(anonymous_6)
FN:62,(anonymous_7)
FN:68,(anonymous_8)
FN:72,(anonymous_9)
FNF:10
FNH:7
FNDA:1,(anonymous_0)
FNDA:8,ModifyproductComponent
FNDA:8,(anonymous_2)
FNDA:0,(anonymous_3)
FNDA:0,(anonymous_4)
FNDA:0,(anonymous_5)
FNDA:1,(anonymous_6)
FNDA:1,(anonymous_7)
FNDA:1,(anonymous_8)
FNDA:1,(anonymous_9)
DA:14,1
DA:19,9
DA:21,1
DA:23,1
DA:25,8
DA:28,8
DA:29,8
DA:30,8
DA:32,1
DA:33,8
DA:43,1
DA:44,0
DA:45,0
DA:47,0
DA:48,0
DA:49,0
DA:50,0
DA:54,1
DA:55,0
DA:56,0
DA:59,1
DA:60,1
DA:61,1
DA:62,1
DA:63,1
DA:68,1
DA:69,1
DA:72,1
DA:73,1
DA:76,1
LF:30
LH:22
BRF:0
BRH:0
end_of_record
TN:
SF:C:\Users\jrodriguez.carave\WebstormProjects\front\src\app\component\modifyrestaurant\modifyrestaurant.component.ts
FN:13,(anonymous_0)
FN:27,ModifyrestaurantComponent
FN:30,(anonymous_2)
FN:41,(anonymous_3)
FN:43,(anonymous_4)
FN:50,(anonymous_5)
FN:54,(anonymous_6)
FN:57,(anonymous_7)
FN:60,(anonymous_8)
FN:64,(anonymous_9)
FNF:10
FNH:5
FNDA:1,(anonymous_0)
FNDA:7,ModifyrestaurantComponent
FNDA:7,(anonymous_2)
FNDA:0,(anonymous_3)
FNDA:0,(anonymous_4)
FNDA:1,(anonymous_5)
FNDA:1,(anonymous_6)
FNDA:0,(anonymous_7)
FNDA:0,(anonymous_8)
FNDA:0,(anonymous_9)
DA:13,1
DA:17,1
DA:19,8
DA:21,8
DA:23,8
DA:25,7
DA:27,7
DA:28,7
DA:29,7
DA:30,1
DA:31,7
DA:41,1
DA:42,0
DA:43,0
DA:44,0
DA:45,0
DA:46,0
DA:47,0
DA:50,1
DA:51,1
DA:54,1
DA:55,1
DA:57,1
DA:58,0
DA:60,1
DA:61,0
DA:64,1
DA:65,0
DA:66,0
DA:76,1
LF:30
LH:20
BRF:0
BRH:0
end_of_record
TN:
SF:C:\Users\jrodriguez.carave\WebstormProjects\front\src\app\component\modifyuser\modifyuser.component.ts
FN:14,(anonymous_0)
FN:26,ModifyuserComponent
FN:29,(anonymous_2)
FN:52,(anonymous_3)
FN:56,(anonymous_4)
FN:63,(anonymous_5)
FN:69,(anonymous_6)
FN:77,(anonymous_7)
FN:79,(anonymous_8)
FN:82,(anonymous_9)
FN:100,(anonymous_10)
FN:104,(anonymous_11)
FN:108,(anonymous_12)
FNF:13
FNH:9
FNDA:1,(anonymous_0)
FNDA:10,ModifyuserComponent
FNDA:12,(anonymous_2)
FNDA:1,(anonymous_3)
FNDA:1,(anonymous_4)
FNDA:1,(anonymous_5)
FNDA:1,(anonymous_6)
FNDA:0,(anonymous_7)
FNDA:0,(anonymous_8)
FNDA:0,(anonymous_9)
FNDA:1,(anonymous_10)
FNDA:1,(anonymous_11)
FNDA:0,(anonymous_12)
DA:14,1
DA:16,10
DA:17,10
DA:18,10
DA:19,10
DA:22,1
DA:24,11
DA:26,10
DA:27,10
DA:28,10
DA:29,12
DA:30,12
DA:52,12
DA:53,1
DA:54,1
DA:55,1
DA:56,1
DA:57,1
DA:58,1
DA:63,12
DA:64,1
DA:65,1
DA:66,1
DA:67,1
DA:68,1
DA:69,1
DA:70,1
DA:71,1
DA:77,1
DA:78,0
DA:79,0
DA:80,0
DA:81,0
DA:83,0
DA:84,0
DA:85,0
DA:86,0
DA:87,0
DA:100,1
DA:101,1
DA:104,1
DA:105,1
DA:108,1
DA:109,0
DA:110,0
DA:122,1
LF:46
LH:35
BRDA:55,0,0,1
BRDA:55,0,1,0
BRDA:57,1,0,1
BRDA:57,1,1,0
BRDA:67,2,0,1
BRDA:67,2,1,0
BRDA:70,3,0,1
BRDA:70,3,1,0
BRF:8
BRH:4
end_of_record
TN:
SF:C:\Users\jrodriguez.carave\WebstormProjects\front\src\app\component\paginate\paginate.component.ts
FN:12,(anonymous_0)
FN:21,PaginateComponent
FN:26,(anonymous_2)
FN:32,(anonymous_3)
FN:38,(anonymous_4)
FN:40,(anonymous_5)
FN:47,(anonymous_6)
FN:56,(anonymous_7)
FN:59,(anonymous_8)
FNF:9
FNH:7
FNDA:1,(anonymous_0)
FNDA:7,PaginateComponent
FNDA:7,(anonymous_2)
FNDA:0,(anonymous_3)
FNDA:1,(anonymous_4)
FNDA:1,(anonymous_5)
FNDA:0,(anonymous_6)
FNDA:7,(anonymous_7)
FNDA:1,(anonymous_8)
DA:12,1
DA:14,8
DA:17,7
DA:21,7
DA:26,7
DA:27,7
DA:28,7
DA:29,7
DA:32,7
DA:33,0
DA:34,0
DA:38,1
DA:40,1
DA:41,1
DA:42,1
DA:43,1
DA:44,1
DA:45,1
DA:47,1
DA:48,0
DA:49,0
DA:53,1
DA:56,1
DA:59,1
DA:61,1
DA:63,1
DA:65,1
DA:66,0
DA:69,1
LF:29
LH:24
BRDA:61,0,0,0
BRDA:61,0,1,1
BRDA:65,1,0,0
BRDA:65,1,1,1
BRF:4
BRH:2
end_of_record
TN:
SF:C:\Users\jrodriguez.carave\WebstormProjects\front\src\app\component\paginate-p\paginate-p.component.ts
FN:9,(anonymous_0)
FN:17,PaginatePComponent
FN:19,(anonymous_2)
FN:26,(anonymous_3)
FN:29,(anonymous_4)
FNF:5
FNH:5
FNDA:1,(anonymous_0)
FNDA:6,PaginatePComponent
FNDA:6,(anonymous_2)
FNDA:6,(anonymous_3)
FNDA:1,(anonymous_4)
DA:9,1
DA:11,7
DA:13,6
DA:17,6
DA:19,6
DA:20,6
DA:21,6
DA:22,6
DA:26,1
DA:29,1
DA:30,1
DA:31,1
DA:34,1
LF:13
LH:13
BRF:0
BRH:0
end_of_record
TN:
SF:C:\Users\jrodriguez.carave\WebstormProjects\front\src\app\component\paginate-r\paginate-r.component.ts
FN:9,(anonymous_0)
FN:17,PaginateRComponent
FN:19,(anonymous_2)
FN:27,(anonymous_3)
FN:30,(anonymous_4)
FNF:5
FNH:5
FNDA:1,(anonymous_0)
FNDA:6,PaginateRComponent
FNDA:6,(anonymous_2)
FNDA:6,(anonymous_3)
FNDA:1,(anonymous_4)
DA:9,1
DA:11,7
DA:13,6
DA:17,6
DA:19,6
DA:20,6
DA:21,6
DA:22,6
DA:23,6
DA:27,1
DA:30,1
DA:31,1
DA:32,1
DA:35,1
LF:14
LH:14
BRF:0
BRH:0
end_of_record
TN:
SF:C:\Users\jrodriguez.carave\WebstormProjects\front\src\app\component\password\password.component.ts
FN:11,(anonymous_0)
FN:20,PasswordComponent
FN:24,(anonymous_2)
FN:33,(anonymous_3)
FN:35,(anonymous_4)
FN:39,(anonymous_5)
FN:46,(anonymous_6)
FN:50,(anonymous_7)
FNF:8
FNH:5
FNDA:1,(anonymous_0)
FNDA:3,PasswordComponent
FNDA:3,(anonymous_2)
FNDA:0,(anonymous_3)
FNDA:0,(anonymous_4)
FNDA:0,(anonymous_5)
FNDA:1,(anonymous_6)
FNDA:1,(anonymous_7)
DA:11,1
DA:13,3
DA:14,3
DA:15,3
DA:18,4
DA:20,3
DA:21,3
DA:22,3
DA:24,1
DA:26,3
DA:33,1
DA:34,0
DA:35,0
DA:36,0
DA:37,0
DA:38,0
DA:40,0
DA:41,0
DA:46,1
DA:47,1
DA:50,1
DA:51,1
DA:54,1
LF:23
LH:16
BRF:0
BRH:0
end_of_record
TN:
SF:C:\Users\jrodriguez.carave\WebstormProjects\front\src\app\component\photo-selector\photo-selector.ts
FN:8,(anonymous_0)
FN:16,PhotoSelectorComponent
FN:18,(anonymous_2)
FN:23,(anonymous_3)
FN:32,(anonymous_4)
FN:37,(anonymous_5)
FN:41,(anonymous_6)
FNF:7
FNH:6
FNDA:1,(anonymous_0)
FNDA:3,PhotoSelectorComponent
FNDA:1,(anonymous_2)
FNDA:1,(anonymous_3)
FNDA:0,(anonymous_4)
FNDA:1,(anonymous_5)
FNDA:1,(anonymous_6)
DA:8,1
DA:11,1
DA:14,3
DA:18,1
DA:19,1
DA:20,1
DA:23,1
DA:24,1
DA:26,1
DA:27,1
DA:28,1
DA:32,1
DA:33,0
DA:34,0
DA:37,1
DA:38,1
DA:39,1
DA:41,1
DA:42,1
DA:43,1
DA:45,1
DA:46,1
DA:50,1
LF:23
LH:21
BRDA:26,0,0,1
BRDA:26,0,1,0
BRDA:26,1,0,1
BRDA:26,1,1,1
BRDA:38,2,0,1
BRDA:38,2,1,0
BRDA:42,3,0,1
BRDA:42,3,1,0
BRF:8
BRH:5
end_of_record
TN:
SF:C:\Users\jrodriguez.carave\WebstormProjects\front\src\app\component\product\product.component.ts
FN:20,(anonymous_0)
FN:38,ProductComponent
FN:44,(anonymous_2)
FN:56,(anonymous_3)
FN:57,(anonymous_4)
FN:63,(anonymous_5)
FN:70,(anonymous_6)
FN:74,(anonymous_7)
FN:77,(anonymous_8)
FN:85,(anonymous_9)
FN:86,(anonymous_10)
FN:92,(anonymous_11)
FN:99,(anonymous_12)
FN:136,(anonymous_13)
FN:144,(anonymous_14)
FN:145,(anonymous_15)
FNF:16
FNH:13
FNDA:1,(anonymous_0)
FNDA:4,ProductComponent
FNDA:4,(anonymous_2)
FNDA:1,(anonymous_3)
FNDA:0,(anonymous_4)
FNDA:1,(anonymous_5)
FNDA:0,(anonymous_6)
FNDA:1,(anonymous_7)
FNDA:1,(anonymous_8)
FNDA:4,(anonymous_9)
FNDA:0,(anonymous_10)
FNDA:4,(anonymous_11)
FNDA:4,(anonymous_12)
FNDA:1,(anonymous_13)
FNDA:1,(anonymous_14)
FNDA:1,(anonymous_15)
DA:20,1
DA:30,1
DA:32,1
DA:34,1
DA:36,1
DA:38,4
DA:39,4
DA:40,4
DA:41,4
DA:42,4
DA:44,1
DA:45,4
DA:46,4
DA:47,4
DA:48,0
DA:49,0
DA:51,4
DA:52,4
DA:56,1
DA:57,1
DA:58,0
DA:59,0
DA:60,0
DA:63,1
DA:64,1
DA:65,1
DA:68,1
DA:69,1
DA:70,0
DA:71,0
DA:74,1
DA:75,1
DA:76,1
DA:77,1
DA:78,1
DA:85,4
DA:86,4
DA:87,0
DA:88,0
DA:89,0
DA:92,4
DA:93,4
DA:94,4
DA:95,4
DA:96,4
DA:99,4
DA:100,4
DA:101,4
DA:102,4
DA:136,1
DA:137,1
DA:138,1
DA:139,1
DA:140,1
DA:141,1
DA:144,1
DA:145,1
DA:146,1
DA:152,1
LF:59
LH:49
BRDA:47,0,0,0
BRDA:47,0,1,4
BRDA:69,1,0,0
BRDA:69,1,1,1
BRF:4
BRH:2
end_of_record
TN:
SF:C:\Users\jrodriguez.carave\WebstormProjects\front\src\app\component\qr\qr.component.ts
FN:8,(anonymous_0)
FN:17,QRComponent
FN:11,(anonymous_2)
FN:19,(anonymous_3)
FN:20,(anonymous_4)
FNF:5
FNH:5
FNDA:1,(anonymous_0)
FNDA:4,QRComponent
FNDA:4,(anonymous_2)
FNDA:4,(anonymous_3)
FNDA:24,(anonymous_4)
DA:8,1
DA:11,2
DA:12,4
DA:13,4
DA:19,1
DA:20,1
DA:21,24
DA:23,1
LF:8
LH:8
BRF:0
BRH:0
end_of_record
TN:
SF:C:\Users\jrodriguez.carave\WebstormProjects\front\src\app\component\restaurant\restaurant.component.ts
FN:18,(anonymous_0)
FN:35,RestaurantComponent
FN:39,(anonymous_2)
FN:43,(anonymous_3)
FN:44,(anonymous_4)
FN:53,(anonymous_5)
FN:57,(anonymous_6)
FN:62,(anonymous_7)
FN:70,(anonymous_8)
FN:71,(anonymous_9)
FNF:10
FNH:8
FNDA:1,(anonymous_0)
FNDA:4,RestaurantComponent
FNDA:4,(anonymous_2)
FNDA:5,(anonymous_3)
FNDA:0,(anonymous_4)
FNDA:0,(anonymous_5)
FNDA:5,(anonymous_6)
FNDA:1,(anonymous_7)
FNDA:1,(anonymous_8)
FNDA:1,(anonymous_9)
DA:18,1
DA:24,1
DA:27,1
DA:30,1
DA:33,1
DA:35,4
DA:36,4
DA:37,4
DA:39,1
DA:40,4
DA:43,5
DA:44,5
DA:45,0
DA:46,0
DA:47,0
DA:50,5
DA:52,5
DA:53,0
DA:54,0
DA:57,5
DA:58,5
DA:62,1
DA:63,1
DA:64,1
DA:65,1
DA:66,1
DA:67,1
DA:70,1
DA:71,1
DA:72,1
DA:76,1
LF:31
LH:26
BRDA:52,0,0,0
BRDA:52,0,1,5
BRF:2
BRH:1
end_of_record
TN:
SF:C:\Users\jrodriguez.carave\WebstormProjects\front\src\app\component\search\search.component.ts
FN:12,(anonymous_0)
FN:19,SearchComponent
FN:28,(anonymous_2)
FNF:3
FNH:3
FNDA:1,(anonymous_0)
FNDA:18,SearchComponent
FNDA:18,(anonymous_2)
DA:12,1
DA:15,18
DA:19,18
DA:20,18
DA:21,18
DA:28,1
DA:31,1
LF:7
LH:7
BRF:0
BRH:0
end_of_record
TN:
SF:C:\Users\jrodriguez.carave\WebstormProjects\front\src\app\component\success\success.component.ts
FN:11,(anonymous_0)
FN:24,SuccessComponent
FN:26,(anonymous_2)
FN:29,(anonymous_3)
FN:33,(anonymous_4)
FN:38,(anonymous_5)
FN:42,(anonymous_6)
FNF:7
FNH:7
FNDA:1,(anonymous_0)
FNDA:6,SuccessComponent
FNDA:6,(anonymous_2)
FNDA:1,(anonymous_3)
FNDA:1,(anonymous_4)
FNDA:1,(anonymous_5)
FNDA:1,(anonymous_6)
DA:11,1
DA:15,1
DA:17,1
DA:19,7
DA:21,6
DA:22,6
DA:24,6
DA:26,1
DA:29,1
DA:30,1
DA:33,1
DA:35,1
DA:38,1
DA:39,1
DA:40,1
DA:42,1
DA:43,1
DA:44,1
DA:45,1
DA:46,1
DA:47,1
DA:50,1
DA:54,1
LF:23
LH:23
BRDA:45,0,0,1
BRDA:45,0,1,0
BRF:2
BRH:1
end_of_record
TN:
SF:C:\Users\jrodriguez.carave\WebstormProjects\front\src\app\component\user\user.component.ts
FN:16,(anonymous_0)
FN:35,UserComponent
FN:39,(anonymous_2)
FN:43,(anonymous_3)
FN:50,(anonymous_4)
FN:54,(anonymous_5)
FN:69,(anonymous_6)
FN:73,(anonymous_7)
FN:79,(anonymous_8)
FN:80,(anonymous_9)
FNF:10
FNH:8
FNDA:1,(anonymous_0)
FNDA:5,UserComponent
FNDA:5,(anonymous_2)
FNDA:6,(anonymous_3)
FNDA:6,(anonymous_4)
FNDA:0,(anonymous_5)
FNDA:0,(anonymous_6)
FNDA:1,(anonymous_7)
FNDA:1,(anonymous_8)
FNDA:1,(anonymous_9)
DA:16,1
DA:24,1
DA:27,1
DA:30,1
DA:33,1
DA:35,5
DA:36,5
DA:39,1
DA:40,5
DA:43,6
DA:50,6
DA:51,6
DA:54,6
DA:55,0
DA:56,0
DA:57,0
DA:69,1
DA:70,0
DA:73,1
DA:74,1
DA:75,1
DA:76,1
DA:79,1
DA:80,1
DA:81,1
DA:86,1
LF:26
LH:22
BRF:0
BRH:0
end_of_record
TN:
SF:C:\Users\jrodriguez.carave\WebstormProjects\front\src\app\guards\auth.guard.ts
FN:9,(anonymous_0)
FN:10,AuthGuard
FN:11,(anonymous_2)
FNF:3
FNH:3
FNDA:1,(anonymous_0)
FNDA:3,AuthGuard
FNDA:2,(anonymous_2)
DA:9,1
DA:10,3
DA:11,1
DA:12,2
DA:13,1
DA:14,1
DA:16,1
DA:17,1
DA:18,1
DA:21,1
LF:10
LH:10
BRDA:12,0,0,1
BRDA:12,0,1,1
BRF:2
BRH:2
end_of_record
TN:
SF:C:\Users\jrodriguez.carave\WebstormProjects\front\src\app\model\product.model.ts
FN:1,(anonymous_0)
FNF:1
FNH:1
FNDA:1,(anonymous_0)
DA:1,1
DA:7,1
LF:2
LH:2
BRF:0
BRH:0
end_of_record
TN:
SF:C:\Users\jrodriguez.carave\WebstormProjects\front\src\app\model\restaurant.model.ts
FN:1,(anonymous_0)
FNF:1
FNH:1
FNDA:1,(anonymous_0)
DA:1,1
DA:6,1
LF:2
LH:2
BRF:0
BRH:0
end_of_record
TN:
SF:C:\Users\jrodriguez.carave\WebstormProjects\front\src\app\model\user.model.ts
FN:1,(anonymous_0)
FNF:1
FNH:1
FNDA:1,(anonymous_0)
DA:1,1
DA:20,1
LF:2
LH:2
BRF:0
BRH:0
end_of_record
TN:
SF:C:\Users\jrodriguez.carave\WebstormProjects\front\src\app\service\login.service.ts
FN:11,(anonymous_0)
FN:17,LoginService
FN:19,(anonymous_2)
FN:23,(anonymous_3)
FN:32,(anonymous_4)
FNF:5
FNH:1
FNDA:1,(anonymous_0)
FNDA:0,LoginService
FNDA:0,(anonymous_2)
FNDA:0,(anonymous_3)
FNDA:0,(anonymous_4)
DA:11,1
DA:13,0
DA:17,0
DA:19,1
DA:20,0
DA:23,1
DA:24,0
DA:25,0
DA:26,0
DA:27,0
DA:29,0
DA:32,1
DA:34,0
DA:36,0
DA:41,0
DA:44,0
DA:50,1
LF:17
LH:5
BRDA:25,0,0,0
BRDA:25,0,1,0
BRF:2
BRH:0
end_of_record
TN:
SF:C:\Users\jrodriguez.carave\WebstormProjects\front\src\app\service\product.service.ts
FN:8,(anonymous_0)
FN:20,ProductService
FN:33,(anonymous_2)
FN:41,(anonymous_3)
FN:49,(anonymous_4)
FN:54,(anonymous_5)
FN:61,(anonymous_6)
FN:80,(anonymous_7)
FN:92,(anonymous_8)
FN:95,(anonymous_9)
FN:99,(anonymous_10)
FNF:11
FNH:11
FNDA:1,(anonymous_0)
FNDA:10,ProductService
FNDA:1,(anonymous_2)
FNDA:1,(anonymous_3)
FNDA:1,(anonymous_4)
FNDA:1,(anonymous_5)
FNDA:1,(anonymous_6)
FNDA:1,(anonymous_7)
FNDA:1,(anonymous_8)
FNDA:1,(anonymous_9)
FNDA:1,(anonymous_10)
DA:8,1
DA:10,10
DA:15,10
DA:16,10
DA:20,10
DA:21,10
DA:23,10
DA:27,10
DA:33,1
DA:34,1
DA:35,1
DA:36,1
DA:38,1
DA:41,1
DA:43,1
DA:44,1
DA:46,1
DA:49,1
DA:50,1
DA:51,1
DA:54,1
DA:55,1
DA:56,1
DA:57,1
DA:58,1
DA:61,1
DA:63,1
DA:67,1
DA:70,1
DA:71,1
DA:73,1
DA:80,1
DA:81,1
DA:86,1
DA:89,1
DA:92,1
DA:93,1
DA:95,1
DA:96,1
DA:99,1
DA:101,1
DA:105,1
DA:108,1
DA:109,1
DA:111,1
DA:112,1
DA:114,1
DA:122,1
LF:48
LH:48
BRDA:35,0,0,1
BRDA:35,0,1,0
BRDA:44,1,0,1
BRDA:44,1,1,0
BRDA:56,2,0,1
BRDA:56,2,1,0
BRDA:108,3,0,1
BRDA:108,3,1,0
BRDA:111,4,0,1
BRDA:111,4,1,0
BRF:10
BRH:5
end_of_record
TN:
SF:C:\Users\jrodriguez.carave\WebstormProjects\front\src\app\service\restaurant.service.ts
FN:10,(anonymous_0)
FN:22,RestaurantService
FN:35,(anonymous_2)
FN:41,(anonymous_3)
FN:45,(anonymous_4)
FN:61,(anonymous_5)
FN:75,(anonymous_6)
FN:80,(anonymous_7)
FN:90,(anonymous_8)
FN:104,(anonymous_9)
FN:121,(anonymous_10)
FN:125,(anonymous_11)
FNF:12
FNH:10
FNDA:1,(anonymous_0)
FNDA:9,RestaurantService
FNDA:0,(anonymous_2)
FNDA:0,(anonymous_3)
FNDA:1,(anonymous_4)
FNDA:1,(anonymous_5)
FNDA:1,(anonymous_6)
FNDA:1,(anonymous_7)
FNDA:1,(anonymous_8)
FNDA:1,(anonymous_9)
FNDA:1,(anonymous_10)
FNDA:1,(anonymous_11)
DA:10,1
DA:12,9
DA:19,9
DA:20,9
DA:22,9
DA:23,9
DA:25,9
DA:29,9
DA:35,1
DA:36,0
DA:37,0
DA:38,0
DA:41,1
DA:42,0
DA:45,1
DA:46,1
DA:50,1
DA:53,1
DA:54,1
DA:55,1
DA:58,1
DA:61,1
DA:62,1
DA:66,1
DA:68,1
DA:69,1
DA:70,1
DA:72,1
DA:75,1
DA:76,1
DA:77,1
DA:80,1
DA:81,1
DA:82,1
DA:83,1
DA:85,1
DA:87,1
DA:90,1
DA:91,1
DA:96,1
DA:101,1
DA:104,1
DA:106,1
DA:110,1
DA:115,1
DA:121,1
DA:122,1
DA:125,1
DA:126,1
DA:130,1
DA:133,1
DA:134,1
DA:136,1
DA:137,1
DA:140,1
DA:146,1
LF:56
LH:52
BRDA:54,0,0,1
BRDA:54,0,1,0
BRDA:69,1,0,1
BRDA:69,1,1,0
BRDA:82,2,0,1
BRDA:82,2,1,0
BRDA:133,3,0,1
BRDA:133,3,1,0
BRDA:136,4,0,1
BRDA:136,4,1,0
BRF:10
BRH:5
end_of_record
TN:
SF:C:\Users\jrodriguez.carave\WebstormProjects\front\src\app\service\search.service.ts
FN:14,(anonymous_0)
FN:23,SearchService
FN:29,(anonymous_2)
FN:33,(anonymous_3)
FN:36,(anonymous_4)
FN:45,(anonymous_5)
FN:54,(anonymous_6)
FN:63,(anonymous_7)
FN:77,(anonymous_8)
FN:95,(anonymous_9)
FN:98,(anonymous_10)
FN:112,(anonymous_11)
FN:121,(anonymous_12)
FN:130,(anonymous_13)
FNF:14
FNH:1
FNDA:1,(anonymous_0)
FNDA:0,SearchService
FNDA:0,(anonymous_2)
FNDA:0,(anonymous_3)
FNDA:0,(anonymous_4)
FNDA:0,(anonymous_5)
FNDA:0,(anonymous_6)
FNDA:0,(anonymous_7)
FNDA:0,(anonymous_8)
FNDA:0,(anonymous_9)
FNDA:0,(anonymous_10)
FNDA:0,(anonymous_11)
FNDA:0,(anonymous_12)
FNDA:0,(anonymous_13)
DA:14,1
DA:16,0
DA:21,0
DA:23,0
DA:24,0
DA:25,0
DA:26,0
DA:27,0
DA:29,1
DA:30,0
DA:33,0
DA:36,1
DA:38,0
DA:39,0
DA:40,0
DA:41,0
DA:42,0
DA:43,0
DA:44,0
DA:45,0
DA:46,0
DA:47,0
DA:50,0
DA:52,0
DA:53,0
DA:54,0
DA:55,0
DA:56,0
DA:59,0
DA:61,0
DA:62,0
DA:63,0
DA:64,0
DA:65,0
DA:68,0
DA:73,0
DA:75,0
DA:76,0
DA:77,0
DA:78,0
DA:79,0
DA:82,0
DA:94,0
DA:95,0
DA:96,0
DA:97,0
DA:98,0
DA:99,0
DA:100,0
DA:101,0
DA:102,0
DA:106,0
DA:112,1
DA:113,0
DA:114,0
DA:115,0
DA:116,0
DA:117,0
DA:121,1
DA:122,0
DA:123,0
DA:124,0
DA:125,0
DA:126,0
DA:130,1
DA:131,0
DA:132,0
DA:133,0
DA:134,0
DA:135,0
DA:138,1
LF:71
LH:7
BRDA:42,0,0,0
BRDA:42,0,1,0
BRDA:43,1,0,0
BRDA:43,1,1,0
BRDA:52,2,0,0
BRDA:52,2,1,0
BRDA:61,3,0,0
BRDA:61,3,1,0
BRDA:75,4,0,0
BRDA:75,4,1,0
BRDA:94,5,0,0
BRDA:94,5,1,0
BRDA:113,6,0,0
BRDA:113,6,1,0
BRDA:122,7,0,0
BRDA:122,7,1,0
BRDA:131,8,0,0
BRDA:131,8,1,0
BRF:18
BRH:0
end_of_record
TN:
SF:C:\Users\jrodriguez.carave\WebstormProjects\front\src\app\service\user.service.ts
FN:10,(anonymous_0)
FN:22,UserService
FN:33,(anonymous_2)
FN:39,(anonymous_3)
FN:43,(anonymous_4)
FN:62,(anonymous_5)
FN:78,(anonymous_6)
FN:97,(anonymous_7)
FN:135,(anonymous_8)
FN:149,(anonymous_9)
FN:159,(anonymous_10)
FN:172,(anonymous_11)
FN:184,(anonymous_12)
FN:199,(anonymous_13)
FN:212,(anonymous_14)
FN:224,(anonymous_15)
FN:228,(anonymous_16)
FNF:17
FNH:8
FNDA:1,(anonymous_0)
FNDA:7,UserService
FNDA:0,(anonymous_2)
FNDA:0,(anonymous_3)
FNDA:1,(anonymous_4)
FNDA:1,(anonymous_5)
FNDA:1,(anonymous_6)
FNDA:1,(anonymous_7)
FNDA:0,(anonymous_8)
FNDA:0,(anonymous_9)
FNDA:0,(anonymous_10)
FNDA:0,(anonymous_11)
FNDA:0,(anonymous_12)
FNDA:0,(anonymous_13)
FNDA:1,(anonymous_14)
FNDA:1,(anonymous_15)
FNDA:0,(anonymous_16)
DA:10,1
DA:12,7
DA:17,7
DA:18,7
DA:20,7
DA:22,7
DA:23,7
DA:25,7
DA:29,7
DA:33,1
DA:34,0
DA:35,0
DA:36,0
DA:39,1
DA:40,0
DA:43,1
DA:44,1
DA:48,1
DA:51,1
DA:52,1
DA:53,1
DA:54,1
DA:56,1
DA:58,0
DA:62,1
DA:63,1
DA:67,1
DA:70,1
DA:71,1
DA:73,1
DA:78,1
DA:80,1
DA:84,1
DA:87,1
DA:97,1
DA:99,1
DA:100,1
DA:104,1
DA:107,1
DA:108,1
DA:109,1
DA:111,1
DA:112,1
DA:114,1
DA:115,1
DA:117,1
DA:118,1
DA:120,1
DA:121,1
DA:123,1
DA:124,1
DA:125,1
DA:135,1
DA:137,0
DA:138,0
DA:142,0
DA:144,0
DA:149,1
DA:150,0
DA:154,0
DA:156,0
DA:159,1
DA:160,0
DA:161,0
DA:162,0
DA:166,0
DA:168,0
DA:172,1
DA:173,0
DA:177,0
DA:179,0
DA:180,0
DA:181,0
DA:184,1
DA:185,0
DA:189,0
DA:191,0
DA:192,0
DA:193,0
DA:199,1
DA:200,0
DA:205,0
DA:209,0
DA:212,1
DA:213,1
DA:218,1
DA:221,1
DA:224,1
DA:225,1
DA:228,1
DA:229,0
DA:230,0
DA:231,0
DA:249,1
LF:94
LH:61
BRDA:51,0,0,1
BRDA:51,0,1,0
BRDA:53,1,0,1
BRDA:53,1,1,0
BRDA:71,2,0,1
BRDA:71,2,1,0
BRDA:108,3,0,1
BRDA:108,3,1,0
BRDA:111,4,0,1
BRDA:111,4,1,0
BRDA:114,5,0,1
BRDA:114,5,1,0
BRDA:117,6,0,1
BRDA:117,6,1,0
BRDA:120,7,0,1
BRDA:120,7,1,0
BRF:16
BRH:8
end_of_record
TN:
SF:C:\Users\jrodriguez.carave\WebstormProjects\front\src\app\tests-module\login-service.mock.ts
FN:17,(anonymous_0)
FN:19,LoginServiceMock
FN:21,(anonymous_2)
FN:25,(anonymous_3)
FN:29,(anonymous_4)
FNF:5
FNH:3
FNDA:1,(anonymous_0)
FNDA:3,LoginServiceMock
FNDA:0,(anonymous_2)
FNDA:1,(anonymous_3)
FNDA:0,(anonymous_4)
DA:5,1
DA:17,1
DA:21,1
DA:22,0
DA:25,1
DA:26,1
DA:29,1
DA:30,0
DA:32,1
LF:9
LH:7
BRF:0
BRH:0
end_of_record
TN:
SF:C:\Users\jrodriguez.carave\WebstormProjects\front\src\app\tests-module\product-service.mock.ts
FN:15,(anonymous_0)
FN:17,ProductServiceMock
FN:19,(anonymous_2)
FN:23,(anonymous_3)
FN:27,(anonymous_4)
FN:31,(anonymous_5)
FN:35,(anonymous_6)
FN:39,(anonymous_7)
FN:43,(anonymous_8)
FN:47,(anonymous_9)
FN:51,(anonymous_10)
FNF:11
FNH:7
FNDA:1,(anonymous_0)
FNDA:26,ProductServiceMock
FNDA:1,(anonymous_2)
FNDA:0,(anonymous_3)
FNDA:5,(anonymous_4)
FNDA:0,(anonymous_5)
FNDA:0,(anonymous_6)
FNDA:1,(anonymous_7)
FNDA:7,(anonymous_8)
FNDA:4,(anonymous_9)
FNDA:0,(anonymous_10)
DA:6,1
DA:15,1
DA:19,1
DA:20,1
DA:23,1
DA:24,0
DA:27,1
DA:28,5
DA:31,1
DA:32,0
DA:35,1
DA:36,0
DA:39,1
DA:40,1
DA:43,1
DA:44,7
DA:47,1
DA:48,4
DA:51,1
DA:52,0
DA:55,1
LF:21
LH:17
BRF:0
BRH:0
end_of_record
TN:
SF:C:\Users\jrodriguez.carave\WebstormProjects\front\src\app\tests-module\restaurant-service.mock.ts
FN:15,(anonymous_0)
FN:17,RestaurantServiceMock
FN:19,(anonymous_2)
FN:21,(anonymous_3)
FN:25,(anonymous_4)
FN:29,(anonymous_5)
FN:33,(anonymous_6)
FN:37,(anonymous_7)
FN:41,(anonymous_8)
FN:45,(anonymous_9)
FN:49,(anonymous_10)
FN:53,(anonymous_11)
FNF:12
FNH:6
FNDA:1,(anonymous_0)
FNDA:29,RestaurantServiceMock
FNDA:0,(anonymous_2)
FNDA:0,(anonymous_3)
FNDA:0,(anonymous_4)
FNDA:1,(anonymous_5)
FNDA:6,(anonymous_6)
FNDA:0,(anonymous_7)
FNDA:1,(anonymous_8)
FNDA:0,(anonymous_9)
FNDA:6,(anonymous_10)
FNDA:0,(anonymous_11)
DA:7,1
DA:15,1
DA:19,1
DA:21,1
DA:22,0
DA:25,1
DA:26,0
DA:29,1
DA:30,1
DA:33,1
DA:34,6
DA:37,1
DA:38,0
DA:41,1
DA:42,1
DA:45,1
DA:46,0
DA:49,1
DA:50,6
DA:53,1
DA:54,0
DA:57,1
LF:22
LH:17
BRF:0
BRH:0
end_of_record
TN:
SF:C:\Users\jrodriguez.carave\WebstormProjects\front\src\app\tests-module\search-service.mock.ts
FN:12,(anonymous_0)
FN:20,SearchServiceMock
FN:22,(anonymous_2)
FN:26,(anonymous_3)
FN:30,(anonymous_4)
FN:32,(anonymous_5)
FN:34,(anonymous_6)
FNF:7
FNH:3
FNDA:1,(anonymous_0)
FNDA:20,SearchServiceMock
FNDA:18,(anonymous_2)
FNDA:0,(anonymous_3)
FNDA:0,(anonymous_4)
FNDA:0,(anonymous_5)
FNDA:0,(anonymous_6)
DA:12,1
DA:14,20
DA:15,20
DA:16,20
DA:18,20
DA:22,1
DA:23,18
DA:26,1
DA:27,0
DA:30,1
DA:32,1
DA:34,1
DA:35,1
LF:13
LH:12
BRF:0
BRH:0
end_of_record
TN:
SF:C:\Users\jrodriguez.carave\WebstormProjects\front\src\app\tests-module\test-shared-module.ts
FNF:0
FNH:0
DA:15,1
LF:1
LH:1
BRF:0
BRH:0
end_of_record
TN:
SF:C:\Users\jrodriguez.carave\WebstormProjects\front\src\app\tests-module\user-service.mock.ts
FN:18,(anonymous_0)
FN:20,UserServiceMock
FN:22,(anonymous_2)
FN:24,(anonymous_3)
FN:28,(anonymous_4)
FN:32,(anonymous_5)
FN:36,(anonymous_6)
FN:40,(anonymous_7)
FN:44,(anonymous_8)
FN:48,(anonymous_9)
FN:52,(anonymous_10)
FN:56,(anonymous_11)
FN:60,(anonymous_12)
FN:64,(anonymous_13)
FN:68,(anonymous_14)
FN:72,(anonymous_15)
FN:76,(anonymous_16)
FNF:17
FNH:11
FNDA:1,(anonymous_0)
FNDA:42,UserServiceMock
FNDA:0,(anonymous_2)
FNDA:247,(anonymous_3)
FNDA:7,(anonymous_4)
FNDA:0,(anonymous_5)
FNDA:0,(anonymous_6)
FNDA:0,(anonymous_7)
FNDA:0,(anonymous_8)
FNDA:2,(anonymous_9)
FNDA:1,(anonymous_10)
FNDA:2,(anonymous_11)
FNDA:1,(anonymous_12)
FNDA:0,(anonymous_13)
FNDA:1,(anonymous_14)
FNDA:7,(anonymous_15)
FNDA:1,(anonymous_16)
DA:7,1
DA:18,1
DA:22,1
DA:24,1
DA:25,247
DA:28,1
DA:29,7
DA:32,1
DA:33,0
DA:36,1
DA:37,0
DA:40,1
DA:41,0
DA:44,1
DA:45,0
DA:48,1
DA:49,2
DA:52,1
DA:53,1
DA:56,1
DA:57,2
DA:60,1
DA:61,1
DA:64,1
DA:65,0
DA:68,1
DA:69,1
DA:72,1
DA:73,7
DA:76,1
DA:77,1
DA:79,1
LF:32
LH:27
BRF:0
BRH:0
end_of_record
